<?xml version="1.0" encoding="UTF-8"?>
<coverage generated="1587222743">
  <project timestamp="1587222743">
    <package name="App">
      <file name="/Users/alfrednutile/Code/blog/app/BaseModel.php">
        <class name="BaseModel" namespace="App">
          <metrics complexity="2" methods="2" coveredmethods="2" conditionals="0" coveredconditionals="0" statements="2" coveredstatements="2" elements="4" coveredelements="4"/>
        </class>
        <line num="8" type="method" name="scopePublished" visibility="public" complexity="1" crap="1" count="1"/>
        <line num="10" type="stmt" count="1"/>
        <line num="13" type="method" name="scopeOrderByCreatedAt" visibility="public" complexity="1" crap="1" count="1"/>
        <line num="15" type="stmt" count="1"/>
        <metrics loc="17" ncloc="17" classes="1" methods="2" coveredmethods="2" conditionals="0" coveredconditionals="0" statements="2" coveredstatements="2" elements="4" coveredelements="4"/>
      </file>
      <file name="/Users/alfrednutile/Code/blog/app/CanaryBuildService.php">
        <class name="CanaryBuildService" namespace="App">
          <metrics complexity="43" methods="34" coveredmethods="20" conditionals="0" coveredconditionals="0" statements="133" coveredstatements="93" elements="167" coveredelements="113"/>
        </class>
        <line num="49" type="method" name="__construct" visibility="public" complexity="1" crap="1" count="9"/>
        <line num="51" type="stmt" count="9"/>
        <line num="52" type="stmt" count="9"/>
        <line num="54" type="method" name="seeIfTravisJobDone" visibility="public" complexity="3" crap="3.03" count="3"/>
        <line num="57" type="stmt" count="3"/>
        <line num="58" type="stmt" count="3"/>
        <line num="59" type="stmt" count="3"/>
        <line num="62" type="stmt" count="3"/>
        <line num="63" type="stmt" count="3"/>
        <line num="64" type="stmt" count="3"/>
        <line num="65" type="stmt" count="3"/>
        <line num="70" type="stmt" count="3"/>
        <line num="72" type="stmt" count="3"/>
        <line num="73" type="stmt" count="3"/>
        <line num="75" type="stmt" count="0"/>
        <line num="78" type="stmt" count="3"/>
        <line num="81" type="stmt" count="0"/>
        <line num="84" type="method" name="forceAMasterBuildSinceCanaryBranchIsPassing" visibility="public" complexity="1" crap="2" count="0"/>
        <line num="87" type="stmt" count="0"/>
        <line num="88" type="stmt" count="0"/>
        <line num="89" type="stmt" count="0"/>
        <line num="92" type="stmt" count="0"/>
        <line num="95" type="stmt" count="0"/>
        <line num="100" type="method" name="triggerTravisBuild" visibility="public" complexity="2" crap="6" count="0"/>
        <line num="102" type="stmt" count="0"/>
        <line num="104" type="stmt" count="0"/>
        <line num="105" type="stmt" count="0"/>
        <line num="108" type="stmt" count="0"/>
        <line num="109" type="stmt" count="0"/>
        <line num="110" type="stmt" count="0"/>
        <line num="111" type="stmt" count="0"/>
        <line num="115" type="stmt" count="0"/>
        <line num="116" type="stmt" count="0"/>
        <line num="122" type="stmt" count="0"/>
        <line num="128" type="method" name="triggerGitHubBuild" visibility="public" complexity="1" crap="2" count="0"/>
        <line num="130" type="stmt" count="0"/>
        <line num="132" type="stmt" count="0"/>
        <line num="133" type="stmt" count="0"/>
        <line num="136" type="stmt" count="0"/>
        <line num="137" type="stmt" count="0"/>
        <line num="138" type="stmt" count="0"/>
        <line num="143" type="method" name="getTravisState" visibility="public" complexity="1" crap="1" count="1"/>
        <line num="145" type="stmt" count="1"/>
        <line num="148" type="method" name="setTravisState" visibility="public" complexity="1" crap="1" count="7"/>
        <line num="150" type="stmt" count="7"/>
        <line num="151" type="stmt" count="7"/>
        <line num="153" type="method" name="beginTravisWatcher" visibility="public" complexity="2" crap="2" count="7"/>
        <line num="155" type="stmt" count="7"/>
        <line num="156" type="stmt" count="7"/>
        <line num="157" type="stmt" count="7"/>
        <line num="158" type="stmt" count="7"/>
        <line num="159" type="stmt" count="7"/>
        <line num="160" type="stmt" count="7"/>
        <line num="161" type="stmt" count="7"/>
        <line num="163" type="method" name="seeIfHaveBuildInfoYet" visibility="protected" complexity="4" crap="4" count="7"/>
        <line num="166" type="stmt" count="7"/>
        <line num="167" type="stmt" count="7"/>
        <line num="168" type="stmt" count="7"/>
        <line num="169" type="stmt" count="7"/>
        <line num="170" type="stmt" count="7"/>
        <line num="174" type="stmt" count="7"/>
        <line num="175" type="stmt" count="7"/>
        <line num="176" type="stmt" count="7"/>
        <line num="177" type="stmt" count="7"/>
        <line num="182" type="stmt" count="7"/>
        <line num="184" type="stmt" count="7"/>
        <line num="185" type="stmt" count="7"/>
        <line num="186" type="stmt" count="7"/>
        <line num="189" type="stmt" count="1"/>
        <line num="190" type="stmt" count="1"/>
        <line num="192" type="stmt" count="7"/>
        <line num="197" type="method" name="getBuildState" visibility="public" complexity="1" crap="1" count="2"/>
        <line num="199" type="stmt" count="2"/>
        <line num="205" type="method" name="setBuildState" visibility="public" complexity="1" crap="2" count="0"/>
        <line num="207" type="stmt" count="0"/>
        <line num="208" type="stmt" count="0"/>
        <line num="213" type="method" name="getTries" visibility="public" complexity="1" crap="2" count="0"/>
        <line num="215" type="stmt" count="0"/>
        <line num="221" type="method" name="setTries" visibility="public" complexity="1" crap="1" count="1"/>
        <line num="223" type="stmt" count="1"/>
        <line num="224" type="stmt" count="1"/>
        <line num="229" type="method" name="setSleep" visibility="public" complexity="1" crap="1" count="3"/>
        <line num="231" type="stmt" count="3"/>
        <line num="232" type="stmt" count="3"/>
        <line num="237" type="method" name="getSleep" visibility="public" complexity="1" crap="1" count="2"/>
        <line num="239" type="stmt" count="2"/>
        <line num="240" type="stmt" count="2"/>
        <line num="246" type="method" name="getMasterBranch" visibility="public" complexity="1" crap="2" count="0"/>
        <line num="248" type="stmt" count="0"/>
        <line num="254" type="method" name="setMasterBranch" visibility="public" complexity="1" crap="2" count="0"/>
        <line num="256" type="stmt" count="0"/>
        <line num="257" type="stmt" count="0"/>
        <line num="262" type="method" name="getAccountAndRepo" visibility="public" complexity="1" crap="1" count="3"/>
        <line num="264" type="stmt" count="3"/>
        <line num="270" type="method" name="setAccountAndRepo" visibility="public" complexity="1" crap="2" count="0"/>
        <line num="272" type="stmt" count="0"/>
        <line num="273" type="stmt" count="0"/>
        <line num="278" type="method" name="getSkipCi" visibility="public" complexity="1" crap="2" count="0"/>
        <line num="280" type="stmt" count="0"/>
        <line num="286" type="method" name="setSkipCi" visibility="public" complexity="1" crap="2" count="0"/>
        <line num="288" type="stmt" count="0"/>
        <line num="289" type="stmt" count="0"/>
        <line num="291" type="method" name="buildErrored" visibility="protected" complexity="1" crap="1" count="2"/>
        <line num="293" type="stmt" count="2"/>
        <line num="294" type="stmt" count="2"/>
        <line num="295" type="stmt" count="2"/>
        <line num="298" type="method" name="log" visibility="protected" complexity="1" crap="1" count="6"/>
        <line num="300" type="stmt" count="6"/>
        <line num="301" type="stmt" count="6"/>
        <line num="303" type="method" name="buildCanceled" visibility="protected" complexity="1" crap="1" count="1"/>
        <line num="305" type="stmt" count="1"/>
        <line num="306" type="stmt" count="1"/>
        <line num="307" type="stmt" count="1"/>
        <line num="310" type="method" name="buildStarted" visibility="protected" complexity="1" crap="1" count="1"/>
        <line num="312" type="stmt" count="1"/>
        <line num="313" type="stmt" count="1"/>
        <line num="314" type="stmt" count="1"/>
        <line num="315" type="stmt" count="1"/>
        <line num="317" type="method" name="buildCreated" visibility="protected" complexity="1" crap="1" count="1"/>
        <line num="319" type="stmt" count="1"/>
        <line num="320" type="stmt" count="1"/>
        <line num="321" type="stmt" count="1"/>
        <line num="322" type="stmt" count="1"/>
        <line num="324" type="method" name="buildBooting" visibility="protected" complexity="1" crap="1" count="1"/>
        <line num="326" type="stmt" count="1"/>
        <line num="327" type="stmt" count="1"/>
        <line num="328" type="stmt" count="1"/>
        <line num="329" type="stmt" count="1"/>
        <line num="331" type="method" name="buildFailed" visibility="protected" complexity="1" crap="1" count="1"/>
        <line num="333" type="stmt" count="1"/>
        <line num="334" type="stmt" count="1"/>
        <line num="335" type="stmt" count="1"/>
        <line num="338" type="method" name="buildPassed" visibility="protected" complexity="1" crap="1" count="5"/>
        <line num="340" type="stmt" count="5"/>
        <line num="341" type="stmt" count="5"/>
        <line num="342" type="stmt" count="5"/>
        <line num="348" type="method" name="getTravisJobId" visibility="public" complexity="1" crap="1" count="4"/>
        <line num="350" type="stmt" count="4"/>
        <line num="356" type="method" name="setTravisJobId" visibility="public" complexity="1" crap="2" count="0"/>
        <line num="358" type="stmt" count="0"/>
        <line num="359" type="stmt" count="0"/>
        <line num="361" type="method" name="triggerMergeBackIntoMaster" visibility="protected" complexity="1" crap="2" count="0"/>
        <line num="363" type="stmt" count="0"/>
        <line num="364" type="stmt" count="0"/>
        <line num="366" type="method" name="reactToBuild" visibility="protected" complexity="2" crap="2.06" count="7"/>
        <line num="368" type="stmt" count="7"/>
        <line num="369" type="stmt" count="7"/>
        <line num="370" type="stmt" count="7"/>
        <line num="371" type="stmt" count="7"/>
        <line num="372" type="stmt" count="7"/>
        <line num="374" type="stmt" count="0"/>
        <line num="375" type="stmt" count="0"/>
        <line num="377" type="stmt" count="7"/>
        <line num="379" type="method" name="tryAgain" visibility="protected" complexity="2" crap="2" count="2"/>
        <line num="381" type="stmt" count="2"/>
        <line num="382" type="stmt" count="1"/>
        <line num="384" type="stmt" count="2"/>
        <line num="385" type="stmt" count="2"/>
        <line num="386" type="stmt" count="2"/>
        <line num="387" type="stmt" count="2"/>
        <line num="388" type="stmt" count="2"/>
        <line num="389" type="stmt" count="2"/>
        <line num="390" type="stmt" count="2"/>
        <line num="392" type="stmt" count="2"/>
        <line num="393" type="stmt" count="2"/>
        <line num="394" type="stmt" count="2"/>
        <line num="395" type="stmt" count="2"/>
        <metrics loc="396" ncloc="326" classes="1" methods="34" coveredmethods="20" conditionals="0" coveredconditionals="0" statements="133" coveredstatements="93" elements="167" coveredelements="113"/>
      </file>
      <file name="/Users/alfrednutile/Code/blog/app/FileHelper.php">
        <class name="FileHelper" namespace="App">
          <metrics complexity="10" methods="1" coveredmethods="0" conditionals="0" coveredconditionals="0" statements="10" coveredstatements="9" elements="11" coveredelements="9"/>
        </class>
        <line num="39" type="method" name="convertToJpg" visibility="public" complexity="3" crap="3.01" count="1"/>
        <line num="42" type="stmt" count="1"/>
        <line num="44" type="stmt" count="1"/>
        <line num="45" type="stmt" count="1"/>
        <line num="47" type="stmt" count="1"/>
        <line num="48" type="stmt" count="1"/>
        <line num="49" type="stmt" count="1"/>
        <line num="50" type="stmt" count="1"/>
        <line num="51" type="stmt" count="1"/>
        <line num="54" type="stmt" count="0"/>
        <line num="57" type="stmt" count="1"/>
        <metrics loc="95" ncloc="76" classes="1" methods="1" coveredmethods="0" conditionals="0" coveredconditionals="0" statements="10" coveredstatements="9" elements="11" coveredelements="9"/>
      </file>
      <file name="/Users/alfrednutile/Code/blog/app/GenerateCodeName.php">
        <class name="GenerateCodeName" namespace="App">
          <metrics complexity="6" methods="6" coveredmethods="5" conditionals="0" coveredconditionals="0" statements="24" coveredstatements="22" elements="30" coveredelements="27"/>
        </class>
        <line num="26" type="method" name="__construct" visibility="public" complexity="1" crap="1" count="1"/>
        <line num="28" type="stmt" count="1"/>
        <line num="29" type="stmt" count="1"/>
        <line num="31" type="method" name="getName" visibility="public" complexity="1" crap="1" count="1"/>
        <line num="33" type="stmt" count="1"/>
        <line num="34" type="stmt" count="1"/>
        <line num="35" type="stmt" count="1"/>
        <line num="38" type="stmt" count="1"/>
        <line num="39" type="stmt" count="1"/>
        <line num="40" type="stmt" count="1"/>
        <line num="41" type="stmt" count="1"/>
        <line num="42" type="stmt" count="1"/>
        <line num="43" type="stmt" count="1"/>
        <line num="44" type="stmt" count="1"/>
        <line num="49" type="stmt" count="1"/>
        <line num="51" type="stmt" count="1"/>
        <line num="53" type="stmt" count="1"/>
        <line num="55" type="stmt" count="1"/>
        <line num="57" type="stmt" count="1"/>
        <line num="60" type="method" name="standardizeName" visibility="public" complexity="1" crap="1" count="1"/>
        <line num="62" type="stmt" count="1"/>
        <line num="63" type="stmt" count="1"/>
        <line num="64" type="stmt" count="1"/>
        <line num="68" type="method" name="getRandomPage" visibility="protected" complexity="1" crap="1" count="1"/>
        <line num="70" type="stmt" count="1"/>
        <line num="73" type="method" name="getRandomItemInResults" visibility="protected" complexity="1" crap="1" count="1"/>
        <line num="75" type="stmt" count="1"/>
        <line num="78" type="method" name="setRandomItemInResults" visibility="protected" complexity="1" crap="2" count="0"/>
        <line num="80" type="stmt" count="0"/>
        <line num="81" type="stmt" count="0"/>
        <metrics loc="82" ncloc="75" classes="1" methods="6" coveredmethods="5" conditionals="0" coveredconditionals="0" statements="24" coveredstatements="22" elements="30" coveredelements="27"/>
      </file>
      <file name="/Users/alfrednutile/Code/blog/app/ImageToUse.php">
        <class name="ImageToUse" namespace="App">
          <metrics complexity="4" methods="2" coveredmethods="1" conditionals="0" coveredconditionals="0" statements="6" coveredstatements="4" elements="8" coveredelements="5"/>
        </class>
        <line num="10" type="method" name="__construct" visibility="public" complexity="1" crap="1" count="1"/>
        <line num="12" type="stmt" count="1"/>
        <line num="13" type="method" name="exists" visibility="public" complexity="3" crap="3.58" count="1"/>
        <line num="16" type="stmt" count="1"/>
        <line num="17" type="stmt" count="0"/>
        <line num="18" type="stmt" count="1"/>
        <line num="19" type="stmt" count="0"/>
        <line num="22" type="stmt" count="1"/>
        <metrics loc="24" ncloc="24" classes="1" methods="2" coveredmethods="1" conditionals="0" coveredconditionals="0" statements="6" coveredstatements="4" elements="8" coveredelements="5"/>
      </file>
      <file name="/Users/alfrednutile/Code/blog/app/MarkDownHelper.php">
        <class name="MarkDownHelper" namespace="App">
          <metrics complexity="4" methods="0" coveredmethods="0" conditionals="0" coveredconditionals="0" statements="0" coveredstatements="0" elements="0" coveredelements="0"/>
        </class>
        <metrics loc="43" ncloc="27" classes="0" methods="0" coveredmethods="0" conditionals="0" coveredconditionals="0" statements="0" coveredstatements="0" elements="0" coveredelements="0"/>
      </file>
      <file name="/Users/alfrednutile/Code/blog/app/MarkdownExtraParser.php">
        <class name="MarkdownExtraParser" namespace="App" fullPackage="App" package="App">
          <metrics complexity="7" methods="0" coveredmethods="0" conditionals="0" coveredconditionals="0" statements="0" coveredstatements="0" elements="0" coveredelements="0"/>
        </class>
        <metrics loc="57" ncloc="49" classes="0" methods="0" coveredmethods="0" conditionals="0" coveredconditionals="0" statements="0" coveredstatements="0" elements="0" coveredelements="0"/>
      </file>
      <file name="/Users/alfrednutile/Code/blog/app/Post.php">
        <class name="Post" namespace="App">
          <metrics complexity="3" methods="1" coveredmethods="1" conditionals="0" coveredconditionals="0" statements="6" coveredstatements="6" elements="7" coveredelements="7"/>
        </class>
        <line num="34" type="method" name="search" visibility="public" complexity="1" crap="1" count="1"/>
        <line num="36" type="stmt" count="1"/>
        <line num="38" type="stmt" count="1"/>
        <line num="39" type="stmt" count="1"/>
        <line num="41" type="stmt" count="1"/>
        <line num="46" type="stmt" count="1"/>
        <line num="47" type="stmt" count="1"/>
        <metrics loc="49" ncloc="38" classes="1" methods="1" coveredmethods="1" conditionals="0" coveredconditionals="0" statements="6" coveredstatements="6" elements="7" coveredelements="7"/>
      </file>
      <file name="/Users/alfrednutile/Code/blog/app/PostObserver.php">
        <class name="PostObserver" namespace="App">
          <metrics complexity="6" methods="0" coveredmethods="0" conditionals="0" coveredconditionals="0" statements="0" coveredstatements="0" elements="0" coveredelements="0"/>
        </class>
        <metrics loc="38" ncloc="34" classes="0" methods="0" coveredmethods="0" conditionals="0" coveredconditionals="0" statements="0" coveredstatements="0" elements="0" coveredelements="0"/>
      </file>
      <file name="/Users/alfrednutile/Code/blog/app/Project.php">
        <class name="Project" namespace="App">
          <metrics complexity="2" methods="0" coveredmethods="0" conditionals="0" coveredconditionals="0" statements="0" coveredstatements="0" elements="0" coveredelements="0"/>
        </class>
        <metrics loc="27" ncloc="23" classes="0" methods="0" coveredmethods="0" conditionals="0" coveredconditionals="0" statements="0" coveredstatements="0" elements="0" coveredelements="0"/>
      </file>
      <file name="/Users/alfrednutile/Code/blog/app/ProjectRepo.php">
        <class name="ProjectRepo" namespace="App">
          <metrics complexity="8" methods="4" coveredmethods="3" conditionals="0" coveredconditionals="0" statements="25" coveredstatements="24" elements="29" coveredelements="27"/>
        </class>
        <line num="16" type="method" name="createProject" visibility="public" complexity="2" crap="2" count="1"/>
        <line num="19" type="stmt" count="1"/>
        <line num="21" type="stmt" count="1"/>
        <line num="23" type="stmt" count="1"/>
        <line num="24" type="stmt" count="1"/>
        <line num="27" type="stmt" count="1"/>
        <line num="29" type="stmt" count="1"/>
        <line num="31" type="stmt" count="1"/>
        <line num="33" type="stmt" count="1"/>
        <line num="35" type="stmt" count="1"/>
        <line num="38" type="method" name="handleUpdate" visibility="public" complexity="3" crap="3.01" count="1"/>
        <line num="40" type="stmt" count="1"/>
        <line num="42" type="stmt" count="1"/>
        <line num="44" type="stmt" count="1"/>
        <line num="45" type="stmt" count="1"/>
        <line num="46" type="stmt" count="1"/>
        <line num="47" type="stmt" count="1"/>
        <line num="51" type="stmt" count="0"/>
        <line num="54" type="stmt" count="1"/>
        <line num="56" type="stmt" count="1"/>
        <line num="58" type="stmt" count="1"/>
        <line num="59" type="stmt" count="1"/>
        <line num="66" type="method" name="setDataTags" visibility="public" complexity="2" crap="2" count="1"/>
        <line num="68" type="stmt" count="1"/>
        <line num="69" type="stmt" count="1"/>
        <line num="71" type="stmt" count="1"/>
        <line num="79" type="method" name="setDefaultFileName" visibility="public" complexity="1" crap="1" count="1"/>
        <line num="81" type="stmt" count="1"/>
        <line num="82" type="stmt" count="1"/>
        <metrics loc="84" ncloc="72" classes="1" methods="4" coveredmethods="3" conditionals="0" coveredconditionals="0" statements="25" coveredstatements="24" elements="29" coveredelements="27"/>
      </file>
      <file name="/Users/alfrednutile/Code/blog/app/ProjectsObserver.php">
        <class name="ProjectsObserver" namespace="App">
          <metrics complexity="6" methods="0" coveredmethods="0" conditionals="0" coveredconditionals="0" statements="0" coveredstatements="0" elements="0" coveredelements="0"/>
        </class>
        <metrics loc="37" ncloc="33" classes="0" methods="0" coveredmethods="0" conditionals="0" coveredconditionals="0" statements="0" coveredstatements="0" elements="0" coveredelements="0"/>
      </file>
      <file name="/Users/alfrednutile/Code/blog/app/RekognitionService.php">
        <class name="RekognitionService" namespace="App">
          <metrics complexity="5" methods="5" coveredmethods="0" conditionals="0" coveredconditionals="0" statements="25" coveredstatements="0" elements="30" coveredelements="0"/>
        </class>
        <line num="18" type="method" name="__construct" visibility="public" complexity="1" crap="2" count="0"/>
        <line num="20" type="stmt" count="0"/>
        <line num="21" type="stmt" count="0"/>
        <line num="23" type="method" name="recognizeCelebrities" visibility="public" complexity="1" crap="2" count="0"/>
        <line num="25" type="stmt" count="0"/>
        <line num="29" type="stmt" count="0"/>
        <line num="30" type="stmt" count="0"/>
        <line num="36" type="stmt" count="0"/>
        <line num="39" type="method" name="detectVideo" visibility="public" complexity="1" crap="2" count="0"/>
        <line num="41" type="stmt" count="0"/>
        <line num="43" type="stmt" count="0"/>
        <line num="47" type="stmt" count="0"/>
        <line num="49" type="stmt" count="0"/>
        <line num="52" type="stmt" count="0"/>
        <line num="53" type="stmt" count="0"/>
        <line num="59" type="stmt" count="0"/>
        <line num="61" type="stmt" count="0"/>
        <line num="65" type="stmt" count="0"/>
        <line num="68" type="method" name="facialAnalysis" visibility="public" complexity="1" crap="2" count="0"/>
        <line num="70" type="stmt" count="0"/>
        <line num="72" type="stmt" count="0"/>
        <line num="75" type="stmt" count="0"/>
        <line num="76" type="stmt" count="0"/>
        <line num="82" type="stmt" count="0"/>
        <line num="85" type="method" name="detectText" visibility="public" complexity="1" crap="2" count="0"/>
        <line num="87" type="stmt" count="0"/>
        <line num="91" type="stmt" count="0"/>
        <line num="92" type="stmt" count="0"/>
        <line num="98" type="stmt" count="0"/>
        <line num="100" type="stmt" count="0"/>
        <metrics loc="102" ncloc="99" classes="1" methods="5" coveredmethods="0" conditionals="0" coveredconditionals="0" statements="25" coveredstatements="0" elements="30" coveredelements="0"/>
      </file>
      <file name="/Users/alfrednutile/Code/blog/app/Tag.php">
        <class name="Tag" namespace="App" fullPackage="App" package="App">
          <metrics complexity="2" methods="0" coveredmethods="0" conditionals="0" coveredconditionals="0" statements="0" coveredstatements="0" elements="0" coveredelements="0"/>
        </class>
        <metrics loc="23" ncloc="17" classes="0" methods="0" coveredmethods="0" conditionals="0" coveredconditionals="0" statements="0" coveredstatements="0" elements="0" coveredelements="0"/>
      </file>
      <file name="/Users/alfrednutile/Code/blog/app/TagsHelper.php">
        <class name="TagsHelper" namespace="App">
          <metrics complexity="5" methods="1" coveredmethods="1" conditionals="0" coveredconditionals="0" statements="11" coveredstatements="11" elements="12" coveredelements="12"/>
        </class>
        <line num="12" type="method" name="handleTags" visibility="public" complexity="5" crap="5" count="2"/>
        <line num="14" type="stmt" count="2"/>
        <line num="16" type="stmt" count="2"/>
        <line num="17" type="stmt" count="2"/>
        <line num="19" type="stmt" count="2"/>
        <line num="20" type="stmt" count="2"/>
        <line num="21" type="stmt" count="2"/>
        <line num="22" type="stmt" count="2"/>
        <line num="23" type="stmt" count="2"/>
        <line num="24" type="stmt" count="2"/>
        <line num="26" type="stmt" count="2"/>
        <line num="30" type="stmt" count="2"/>
        <metrics loc="31" ncloc="31" classes="1" methods="1" coveredmethods="1" conditionals="0" coveredconditionals="0" statements="11" coveredstatements="11" elements="12" coveredelements="12"/>
      </file>
      <file name="/Users/alfrednutile/Code/blog/app/User.php">
        <class name="User" namespace="App">
          <metrics complexity="0" methods="0" coveredmethods="0" conditionals="0" coveredconditionals="0" statements="0" coveredstatements="0" elements="0" coveredelements="0"/>
        </class>
        <metrics loc="29" ncloc="19" classes="0" methods="0" coveredmethods="0" conditionals="0" coveredconditionals="0" statements="0" coveredstatements="0" elements="0" coveredelements="0"/>
      </file>
    </package>
    <package name="App\Console\Commands">
      <file name="/Users/alfrednutile/Code/blog/app/Console/Commands/CanaryBuildCommand.php">
        <class name="CanaryBuildCommand" namespace="App\Console\Commands" fullPackage="App" package="App">
          <metrics complexity="5" methods="0" coveredmethods="0" conditionals="0" coveredconditionals="0" statements="0" coveredstatements="0" elements="0" coveredelements="0"/>
        </class>
        <metrics loc="79" ncloc="60" classes="0" methods="0" coveredmethods="0" conditionals="0" coveredconditionals="0" statements="0" coveredstatements="0" elements="0" coveredelements="0"/>
      </file>
      <file name="/Users/alfrednutile/Code/blog/app/Console/Commands/IndexPostsWithElasticSearch.php">
        <class name="IndexPostsWithElasticSearch" namespace="App\Console\Commands">
          <metrics complexity="4" methods="2" coveredmethods="1" conditionals="0" coveredconditionals="0" statements="10" coveredstatements="2" elements="12" coveredelements="3"/>
        </class>
        <line num="36" type="method" name="__construct" visibility="public" complexity="1" crap="1" count="2"/>
        <line num="38" type="stmt" count="2"/>
        <line num="39" type="stmt" count="2"/>
        <line num="46" type="method" name="handle" visibility="public" complexity="3" crap="12" count="0"/>
        <line num="49" type="stmt" count="0"/>
        <line num="50" type="stmt" count="0"/>
        <line num="51" type="stmt" count="0"/>
        <line num="52" type="stmt" count="0"/>
        <line num="53" type="stmt" count="0"/>
        <line num="55" type="stmt" count="0"/>
        <line num="56" type="stmt" count="0"/>
        <line num="58" type="stmt" count="0"/>
        <metrics loc="59" ncloc="39" classes="1" methods="2" coveredmethods="1" conditionals="0" coveredconditionals="0" statements="10" coveredstatements="2" elements="12" coveredelements="3"/>
      </file>
      <file name="/Users/alfrednutile/Code/blog/app/Console/Commands/IndexProjectsWithElasticSearch.php">
        <class name="IndexProjectsWithElasticSearch" namespace="App\Console\Commands">
          <metrics complexity="4" methods="2" coveredmethods="1" conditionals="0" coveredconditionals="0" statements="10" coveredstatements="2" elements="12" coveredelements="3"/>
        </class>
        <line num="38" type="method" name="__construct" visibility="public" complexity="1" crap="1" count="2"/>
        <line num="40" type="stmt" count="2"/>
        <line num="41" type="stmt" count="2"/>
        <line num="48" type="method" name="handle" visibility="public" complexity="3" crap="12" count="0"/>
        <line num="51" type="stmt" count="0"/>
        <line num="52" type="stmt" count="0"/>
        <line num="53" type="stmt" count="0"/>
        <line num="54" type="stmt" count="0"/>
        <line num="55" type="stmt" count="0"/>
        <line num="57" type="stmt" count="0"/>
        <line num="58" type="stmt" count="0"/>
        <line num="60" type="stmt" count="0"/>
        <metrics loc="61" ncloc="41" classes="1" methods="2" coveredmethods="1" conditionals="0" coveredconditionals="0" statements="10" coveredstatements="2" elements="12" coveredelements="3"/>
      </file>
      <file name="/Users/alfrednutile/Code/blog/app/Console/Commands/PasswordReset.php">
        <class name="PasswordReset" namespace="App\Console\Commands" fullPackage="App" package="App">
          <metrics complexity="2" methods="0" coveredmethods="0" conditionals="0" coveredconditionals="0" statements="0" coveredstatements="0" elements="0" coveredelements="0"/>
        </class>
        <metrics loc="56" ncloc="31" classes="0" methods="0" coveredmethods="0" conditionals="0" coveredconditionals="0" statements="0" coveredstatements="0" elements="0" coveredelements="0"/>
      </file>
    </package>
    <package name="App\Console\Commands\Search">
      <file name="/Users/alfrednutile/Code/blog/app/Console/Commands/Search/CreateIndex.php">
        <class name="CreateIndex" namespace="App\Console\Commands\Search">
          <metrics complexity="6" methods="2" coveredmethods="0" conditionals="0" coveredconditionals="0" statements="15" coveredstatements="0" elements="17" coveredelements="0"/>
        </class>
        <line num="32" type="method" name="handle" visibility="public" complexity="1" crap="2" count="0"/>
        <line num="34" type="stmt" count="0"/>
        <line num="36" type="stmt" count="0"/>
        <line num="37" type="stmt" count="0"/>
        <line num="38" type="stmt" count="0"/>
        <line num="43" type="method" name="writeSearchExceptionLine" visibility="protected" complexity="5" crap="30" count="0"/>
        <line num="46" type="stmt" count="0"/>
        <line num="47" type="stmt" count="0"/>
        <line num="49" type="stmt" count="0"/>
        <line num="50" type="stmt" count="0"/>
        <line num="52" type="stmt" count="0"/>
        <line num="53" type="stmt" count="0"/>
        <line num="54" type="stmt" count="0"/>
        <line num="56" type="stmt" count="0"/>
        <line num="57" type="stmt" count="0"/>
        <line num="60" type="stmt" count="0"/>
        <line num="61" type="stmt" count="0"/>
        <metrics loc="63" ncloc="44" classes="1" methods="2" coveredmethods="0" conditionals="0" coveredconditionals="0" statements="15" coveredstatements="0" elements="17" coveredelements="0"/>
      </file>
      <file name="/Users/alfrednutile/Code/blog/app/Console/Commands/Search/DeleteIndex.php">
        <class name="DeleteIndex" namespace="App\Console\Commands\Search">
          <metrics complexity="3" methods="1" coveredmethods="0" conditionals="0" coveredconditionals="0" statements="7" coveredstatements="0" elements="8" coveredelements="0"/>
        </class>
        <line num="31" type="method" name="handle" visibility="public" complexity="3" crap="12" count="0"/>
        <line num="33" type="stmt" count="0"/>
        <line num="34" type="stmt" count="0"/>
        <line num="37" type="stmt" count="0"/>
        <line num="38" type="stmt" count="0"/>
        <line num="41" type="stmt" count="0"/>
        <line num="42" type="stmt" count="0"/>
        <line num="43" type="stmt" count="0"/>
        <metrics loc="44" ncloc="26" classes="1" methods="1" coveredmethods="0" conditionals="0" coveredconditionals="0" statements="7" coveredstatements="0" elements="8" coveredelements="0"/>
      </file>
      <file name="/Users/alfrednutile/Code/blog/app/Console/Commands/Search/SearchCommandBase.php">
        <class name="SearchCommandBase" namespace="App\Console\Commands\Search">
          <metrics complexity="5" methods="3" coveredmethods="1" conditionals="0" coveredconditionals="0" statements="14" coveredstatements="4" elements="17" coveredelements="5"/>
        </class>
        <line num="32" type="method" name="__construct" visibility="public" complexity="1" crap="1" count="2"/>
        <line num="38" type="stmt" count="2"/>
        <line num="40" type="stmt" count="2"/>
        <line num="41" type="stmt" count="2"/>
        <line num="42" type="stmt" count="2"/>
        <line num="47" type="method" name="execute" visibility="protected" complexity="2" crap="6" count="0"/>
        <line num="52" type="stmt" count="0"/>
        <line num="53" type="stmt" count="0"/>
        <line num="54" type="stmt" count="0"/>
        <line num="56" type="stmt" count="0"/>
        <line num="63" type="method" name="writeSearchExceptionLine" visibility="protected" complexity="2" crap="6" count="0"/>
        <line num="66" type="stmt" count="0"/>
        <line num="67" type="stmt" count="0"/>
        <line num="68" type="stmt" count="0"/>
        <line num="69" type="stmt" count="0"/>
        <line num="72" type="stmt" count="0"/>
        <line num="73" type="stmt" count="0"/>
        <metrics loc="74" ncloc="52" classes="1" methods="3" coveredmethods="1" conditionals="0" coveredconditionals="0" statements="14" coveredstatements="4" elements="17" coveredelements="5"/>
      </file>
    </package>
    <package name="App\Console">
      <file name="/Users/alfrednutile/Code/blog/app/Console/Kernel.php">
        <class name="Kernel" namespace="App\Console">
          <metrics complexity="2" methods="2" coveredmethods="2" conditionals="0" coveredconditionals="0" statements="4" coveredstatements="4" elements="6" coveredelements="6"/>
        </class>
        <line num="35" type="method" name="schedule" visibility="protected" complexity="1" crap="1" count="17"/>
        <line num="37" type="stmt" count="17"/>
        <line num="38" type="stmt" count="17"/>
        <line num="44" type="method" name="commands" visibility="protected" complexity="1" crap="1" count="2"/>
        <line num="46" type="stmt" count="2"/>
        <line num="47" type="stmt" count="2"/>
        <metrics loc="48" ncloc="32" classes="1" methods="2" coveredmethods="2" conditionals="0" coveredconditionals="0" statements="4" coveredstatements="4" elements="6" coveredelements="6"/>
      </file>
    </package>
    <package name="App\Events">
      <file name="/Users/alfrednutile/Code/blog/app/Events/CanaryBuildEvent.php">
        <class name="CanaryBuildEvent" namespace="App\Events">
          <metrics complexity="2" methods="2" coveredmethods="1" conditionals="0" coveredconditionals="0" statements="3" coveredstatements="2" elements="5" coveredelements="3"/>
        </class>
        <line num="24" type="method" name="__construct" visibility="public" complexity="1" crap="1" count="7"/>
        <line num="27" type="stmt" count="7"/>
        <line num="28" type="stmt" count="7"/>
        <line num="35" type="method" name="broadcastOn" visibility="public" complexity="1" crap="2" count="0"/>
        <line num="37" type="stmt" count="0"/>
        <metrics loc="39" ncloc="27" classes="1" methods="2" coveredmethods="1" conditionals="0" coveredconditionals="0" statements="3" coveredstatements="2" elements="5" coveredelements="3"/>
      </file>
    </package>
    <package name="App\Exceptions">
      <file name="/Users/alfrednutile/Code/blog/app/Exceptions/Handler.php">
        <class name="Handler" namespace="App\Exceptions">
          <metrics complexity="4" methods="3" coveredmethods="0" conditionals="0" coveredconditionals="0" statements="6" coveredstatements="0" elements="9" coveredelements="0"/>
        </class>
        <line num="33" type="method" name="report" visibility="public" complexity="1" crap="2" count="0"/>
        <line num="35" type="stmt" count="0"/>
        <line num="36" type="stmt" count="0"/>
        <line num="45" type="method" name="render" visibility="public" complexity="1" crap="2" count="0"/>
        <line num="47" type="stmt" count="0"/>
        <line num="57" type="method" name="unauthenticated" visibility="protected" complexity="2" crap="6" count="0"/>
        <line num="59" type="stmt" count="0"/>
        <line num="60" type="stmt" count="0"/>
        <line num="63" type="stmt" count="0"/>
        <metrics loc="65" ncloc="38" classes="1" methods="3" coveredmethods="0" conditionals="0" coveredconditionals="0" statements="6" coveredstatements="0" elements="9" coveredelements="0"/>
      </file>
    </package>
    <package name="App\Facades">
      <file name="/Users/alfrednutile/Code/blog/app/Facades/ImageFacade.php">
        <class name="ImageFacade" namespace="App\Facades">
          <metrics complexity="1" methods="1" coveredmethods="0" conditionals="0" coveredconditionals="0" statements="1" coveredstatements="0" elements="2" coveredelements="0"/>
        </class>
        <line num="8" type="method" name="getFacadeAccessor" visibility="protected" complexity="1" crap="2" count="0"/>
        <line num="10" type="stmt" count="0"/>
        <metrics loc="12" ncloc="12" classes="1" methods="1" coveredmethods="0" conditionals="0" coveredconditionals="0" statements="1" coveredstatements="0" elements="2" coveredelements="0"/>
      </file>
      <file name="/Users/alfrednutile/Code/blog/app/Facades/SearchFacade.php">
        <class name="SearchFacade" namespace="App\Facades">
          <metrics complexity="1" methods="1" coveredmethods="0" conditionals="0" coveredconditionals="0" statements="1" coveredstatements="0" elements="2" coveredelements="0"/>
        </class>
        <line num="17" type="method" name="getFacadeAccessor" visibility="protected" complexity="1" crap="2" count="0"/>
        <line num="19" type="stmt" count="0"/>
        <metrics loc="21" ncloc="15" classes="1" methods="1" coveredmethods="0" conditionals="0" coveredconditionals="0" statements="1" coveredstatements="0" elements="2" coveredelements="0"/>
      </file>
    </package>
    <package name="App\Helpers">
      <file name="/Users/alfrednutile/Code/blog/app/Helpers/RekognitionHelper.php">
        <class name="RekognitionHelper" namespace="App\Helpers">
          <metrics complexity="6" methods="6" coveredmethods="0" conditionals="0" coveredconditionals="0" statements="19" coveredstatements="0" elements="25" coveredelements="0"/>
        </class>
        <line num="7" type="method" name="transformCelebrityResults" visibility="public" complexity="1" crap="2" count="0"/>
        <line num="9" type="stmt" count="0"/>
        <line num="11" type="method" name="anonymousFunction:11#53" complexity="1" crap="2" count="0"/>
        <line num="13" type="stmt" count="0"/>
        <line num="14" type="stmt" count="0"/>
        <line num="15" type="stmt" count="0"/>
        <line num="17" type="stmt" count="0"/>
        <line num="18" type="stmt" count="0"/>
        <line num="21" type="method" name="transformFaceDetectResults" visibility="public" complexity="1" crap="2" count="0"/>
        <line num="23" type="stmt" count="0"/>
        <line num="25" type="method" name="anonymousFunction:25#177" complexity="1" crap="2" count="0"/>
        <line num="27" type="stmt" count="0"/>
        <line num="28" type="stmt" count="0"/>
        <line num="29" type="stmt" count="0"/>
        <line num="30" type="stmt" count="0"/>
        <line num="31" type="stmt" count="0"/>
        <line num="32" type="stmt" count="0"/>
        <line num="33" type="stmt" count="0"/>
        <line num="34" type="stmt" count="0"/>
        <line num="36" type="stmt" count="0"/>
        <line num="38" type="stmt" count="0"/>
        <line num="41" type="method" name="transformTextResults" visibility="public" complexity="1" crap="2" count="0"/>
        <line num="43" type="stmt" count="0"/>
        <line num="45" type="method" name="anonymousFunction:45#350" complexity="1" crap="2" count="0"/>
        <line num="47" type="stmt" count="0"/>
        <line num="48" type="stmt" count="0"/>
        <line num="50" type="stmt" count="0"/>
        <metrics loc="54" ncloc="54" classes="1" methods="6" coveredmethods="0" conditionals="0" coveredconditionals="0" statements="21" coveredstatements="0" elements="27" coveredelements="0"/>
      </file>
    </package>
    <package name="App\Http\Controllers">
      <file name="/Users/alfrednutile/Code/blog/app/Http/Controllers/ArrayToJsonController.php">
        <class name="ArrayToJsonController" namespace="App\Http\Controllers">
          <metrics complexity="3" methods="2" coveredmethods="0" conditionals="0" coveredconditionals="0" statements="11" coveredstatements="7" elements="13" coveredelements="7"/>
        </class>
        <line num="11" type="method" name="show" visibility="public" complexity="1" crap="2" count="0"/>
        <line num="14" type="stmt" count="0"/>
        <line num="17" type="method" name="process" visibility="public" complexity="2" crap="2.11" count="1"/>
        <line num="19" type="stmt" count="1"/>
        <line num="20" type="stmt" count="1"/>
        <line num="23" type="stmt" count="1"/>
        <line num="26" type="stmt" count="1"/>
        <line num="27" type="stmt" count="1"/>
        <line num="28" type="stmt" count="1"/>
        <line num="31" type="stmt" count="1"/>
        <line num="32" type="stmt" count="0"/>
        <line num="33" type="stmt" count="0"/>
        <line num="34" type="stmt" count="0"/>
        <metrics loc="37" ncloc="37" classes="1" methods="2" coveredmethods="0" conditionals="0" coveredconditionals="0" statements="11" coveredstatements="7" elements="13" coveredelements="7"/>
      </file>
      <file name="/Users/alfrednutile/Code/blog/app/Http/Controllers/BaseController.php">
        <class name="BaseController" namespace="App\Http\Controllers">
          <metrics complexity="8" methods="0" coveredmethods="0" conditionals="0" coveredconditionals="0" statements="0" coveredstatements="0" elements="0" coveredelements="0"/>
        </class>
        <metrics loc="48" ncloc="37" classes="0" methods="0" coveredmethods="0" conditionals="0" coveredconditionals="0" statements="0" coveredstatements="0" elements="0" coveredelements="0"/>
      </file>
      <file name="/Users/alfrednutile/Code/blog/app/Http/Controllers/CodenameController.php">
        <class name="CodenameController" namespace="App\Http\Controllers">
          <metrics complexity="2" methods="2" coveredmethods="1" conditionals="0" coveredconditionals="0" statements="3" coveredstatements="2" elements="5" coveredelements="3"/>
        </class>
        <line num="9" type="method" name="show" visibility="public" complexity="1" crap="2" count="0"/>
        <line num="11" type="stmt" count="0"/>
        <line num="14" type="method" name="process" visibility="public" complexity="1" crap="1" count="1"/>
        <line num="16" type="stmt" count="1"/>
        <line num="17" type="stmt" count="1"/>
        <metrics loc="19" ncloc="19" classes="1" methods="2" coveredmethods="1" conditionals="0" coveredconditionals="0" statements="3" coveredstatements="2" elements="5" coveredelements="3"/>
      </file>
      <file name="/Users/alfrednutile/Code/blog/app/Http/Controllers/Controller.php">
        <class name="Controller" namespace="App\Http\Controllers">
          <metrics complexity="0" methods="0" coveredmethods="0" conditionals="0" coveredconditionals="0" statements="0" coveredstatements="0" elements="0" coveredelements="0"/>
        </class>
        <metrics loc="13" ncloc="13" classes="0" methods="0" coveredmethods="0" conditionals="0" coveredconditionals="0" statements="0" coveredstatements="0" elements="0" coveredelements="0"/>
      </file>
      <file name="/Users/alfrednutile/Code/blog/app/Http/Controllers/ElasticSearchController.php">
        <class name="ElasticSearchController" namespace="App\Http\Controllers">
          <metrics complexity="2" methods="1" coveredmethods="0" conditionals="0" coveredconditionals="0" statements="5" coveredstatements="2" elements="6" coveredelements="2"/>
        </class>
        <line num="14" type="method" name="search" visibility="public" complexity="2" crap="2.86" count="2"/>
        <line num="19" type="stmt" count="2"/>
        <line num="21" type="stmt" count="2"/>
        <line num="22" type="stmt" count="0"/>
        <line num="23" type="stmt" count="0"/>
        <line num="24" type="stmt" count="0"/>
        <metrics loc="27" ncloc="26" classes="1" methods="1" coveredmethods="0" conditionals="0" coveredconditionals="0" statements="5" coveredstatements="2" elements="6" coveredelements="2"/>
      </file>
      <file name="/Users/alfrednutile/Code/blog/app/Http/Controllers/HelpController.php">
        <class name="HelpController" namespace="App\Http\Controllers">
          <metrics complexity="2" methods="2" coveredmethods="0" conditionals="0" coveredconditionals="0" statements="12" coveredstatements="0" elements="14" coveredelements="0"/>
        </class>
        <line num="14" type="method" name="show" visibility="public" complexity="1" crap="2" count="0"/>
        <line num="16" type="stmt" count="0"/>
        <line num="17" type="stmt" count="0"/>
        <line num="18" type="stmt" count="0"/>
        <line num="20" type="stmt" count="0"/>
        <line num="22" type="stmt" count="0"/>
        <line num="24" type="stmt" count="0"/>
        <line num="27" type="method" name="pdf" visibility="public" complexity="1" crap="2" count="0"/>
        <line num="29" type="stmt" count="0"/>
        <line num="30" type="stmt" count="0"/>
        <line num="31" type="stmt" count="0"/>
        <line num="33" type="stmt" count="0"/>
        <line num="35" type="stmt" count="0"/>
        <line num="37" type="stmt" count="0"/>
        <metrics loc="39" ncloc="39" classes="1" methods="2" coveredmethods="0" conditionals="0" coveredconditionals="0" statements="12" coveredstatements="0" elements="14" coveredelements="0"/>
      </file>
      <file name="/Users/alfrednutile/Code/blog/app/Http/Controllers/HomeController.php">
        <class name="HomeController" namespace="App\Http\Controllers">
          <metrics complexity="2" methods="2" coveredmethods="0" conditionals="0" coveredconditionals="0" statements="3" coveredstatements="0" elements="5" coveredelements="0"/>
        </class>
        <line num="15" type="method" name="__construct" visibility="public" complexity="1" crap="2" count="0"/>
        <line num="17" type="stmt" count="0"/>
        <line num="18" type="stmt" count="0"/>
        <line num="25" type="method" name="index" visibility="public" complexity="1" crap="2" count="0"/>
        <line num="27" type="stmt" count="0"/>
        <metrics loc="29" ncloc="19" classes="1" methods="2" coveredmethods="0" conditionals="0" coveredconditionals="0" statements="3" coveredstatements="0" elements="5" coveredelements="0"/>
      </file>
      <file name="/Users/alfrednutile/Code/blog/app/Http/Controllers/JsonToArrayController.php">
        <class name="JsonToArrayController" namespace="App\Http\Controllers">
          <metrics complexity="3" methods="2" coveredmethods="0" conditionals="0" coveredconditionals="0" statements="8" coveredstatements="4" elements="10" coveredelements="4"/>
        </class>
        <line num="13" type="method" name="show" visibility="public" complexity="1" crap="2" count="0"/>
        <line num="16" type="stmt" count="0"/>
        <line num="19" type="method" name="process" visibility="public" complexity="2" crap="2.31" count="1"/>
        <line num="21" type="stmt" count="1"/>
        <line num="22" type="stmt" count="1"/>
        <line num="26" type="stmt" count="1"/>
        <line num="28" type="stmt" count="1"/>
        <line num="29" type="stmt" count="0"/>
        <line num="30" type="stmt" count="0"/>
        <line num="31" type="stmt" count="0"/>
        <metrics loc="34" ncloc="34" classes="1" methods="2" coveredmethods="0" conditionals="0" coveredconditionals="0" statements="8" coveredstatements="4" elements="10" coveredelements="4"/>
      </file>
      <file name="/Users/alfrednutile/Code/blog/app/Http/Controllers/PostsController.php">
        <class name="PostsController" namespace="App\Http\Controllers">
          <metrics complexity="18" methods="11" coveredmethods="0" conditionals="0" coveredconditionals="0" statements="48" coveredstatements="0" elements="59" coveredelements="0"/>
        </class>
        <line num="24" type="method" name="__construct" visibility="public" complexity="1" crap="2" count="0"/>
        <line num="26" type="stmt" count="0"/>
        <line num="27" type="stmt" count="0"/>
        <line num="28" type="stmt" count="0"/>
        <line num="30" type="method" name="search" visibility="public" complexity="1" crap="2" count="0"/>
        <line num="32" type="stmt" count="0"/>
        <line num="34" type="stmt" count="0"/>
        <line num="36" type="stmt" count="0"/>
        <line num="39" type="method" name="index" visibility="public" complexity="3" crap="12" count="0"/>
        <line num="44" type="stmt" count="0"/>
        <line num="45" type="stmt" count="0"/>
        <line num="47" type="method" name="anonymousFunction:47#362" complexity="1" crap="2" count="0"/>
        <line num="48" type="stmt" count="0"/>
        <line num="49" type="stmt" count="0"/>
        <line num="52" type="stmt" count="0"/>
        <line num="54" type="stmt" count="0"/>
        <line num="55" type="stmt" count="0"/>
        <line num="57" type="stmt" count="0"/>
        <line num="59" type="stmt" count="0"/>
        <line num="60" type="stmt" count="0"/>
        <line num="61" type="stmt" count="0"/>
        <line num="63" type="stmt" count="0"/>
        <line num="73" type="method" name="create" visibility="public" complexity="1" crap="2" count="0"/>
        <line num="75" type="stmt" count="0"/>
        <line num="83" type="method" name="store" visibility="public" complexity="3" crap="12" count="0"/>
        <line num="85" type="stmt" count="0"/>
        <line num="86" type="stmt" count="0"/>
        <line num="87" type="stmt" count="0"/>
        <line num="91" type="stmt" count="0"/>
        <line num="92" type="stmt" count="0"/>
        <line num="93" type="stmt" count="0"/>
        <line num="95" type="stmt" count="0"/>
        <line num="97" type="stmt" count="0"/>
        <line num="99" type="stmt" count="0"/>
        <line num="101" type="stmt" count="0"/>
        <line num="102" type="stmt" count="0"/>
        <line num="104" type="stmt" count="0"/>
        <line num="106" type="stmt" count="0"/>
        <line num="107" type="stmt" count="0"/>
        <line num="108" type="stmt" count="0"/>
        <line num="110" type="stmt" count="0"/>
        <line num="123" type="method" name="anonymousFunction:123#769" complexity="1" crap="2" count="0"/>
        <line num="124" type="stmt" count="0"/>
        <line num="125" type="stmt" count="0"/>
        <line num="127" type="method" name="anonymousFunction:127#807" complexity="1" crap="2" count="0"/>
        <line num="128" type="stmt" count="0"/>
        <line num="129" type="stmt" count="0"/>
        <line num="131" type="stmt" count="0"/>
        <line num="133" type="stmt" count="0"/>
        <line num="142" type="method" name="edit" visibility="public" complexity="2" crap="6" count="0"/>
        <line num="144" type="stmt" count="0"/>
        <line num="145" type="stmt" count="0"/>
        <line num="146" type="stmt" count="0"/>
        <line num="147" type="stmt" count="0"/>
        <line num="149" type="stmt" count="0"/>
        <line num="150" type="stmt" count="0"/>
        <line num="159" type="method" name="update" visibility="public" complexity="2" crap="6" count="0"/>
        <line num="161" type="stmt" count="0"/>
        <line num="163" type="stmt" count="0"/>
        <line num="165" type="stmt" count="0"/>
        <line num="166" type="stmt" count="0"/>
        <line num="168" type="stmt" count="0"/>
        <line num="169" type="stmt" count="0"/>
        <line num="170" type="stmt" count="0"/>
        <line num="172" type="stmt" count="0"/>
        <line num="174" type="stmt" count="0"/>
        <line num="183" type="method" name="destroy" visibility="public" complexity="1" crap="2" count="0"/>
        <line num="185" type="stmt" count="0"/>
        <line num="187" type="stmt" count="0"/>
        <metrics loc="189" ncloc="149" classes="1" methods="11" coveredmethods="0" conditionals="0" coveredconditionals="0" statements="58" coveredstatements="0" elements="69" coveredelements="0"/>
      </file>
      <file name="/Users/alfrednutile/Code/blog/app/Http/Controllers/ProjectsController.php">
        <class name="ProjectsController" namespace="App\Http\Controllers">
          <metrics complexity="16" methods="0" coveredmethods="0" conditionals="0" coveredconditionals="0" statements="0" coveredstatements="0" elements="0" coveredelements="0"/>
        </class>
        <metrics loc="174" ncloc="129" classes="0" methods="0" coveredmethods="0" conditionals="0" coveredconditionals="0" statements="0" coveredstatements="0" elements="0" coveredelements="0"/>
      </file>
      <file name="/Users/alfrednutile/Code/blog/app/Http/Controllers/RekognitionController.php">
        <class name="RekognitionController" namespace="App\Http\Controllers">
          <metrics complexity="13" methods="7" coveredmethods="0" conditionals="0" coveredconditionals="0" statements="44" coveredstatements="0" elements="51" coveredelements="0"/>
        </class>
        <line num="19" type="method" name="__construct" visibility="public" complexity="1" crap="2" count="0"/>
        <line num="21" type="stmt" count="0"/>
        <line num="22" type="stmt" count="0"/>
        <line num="24" type="method" name="show" visibility="public" complexity="1" crap="2" count="0"/>
        <line num="26" type="stmt" count="0"/>
        <line num="29" type="method" name="faces" visibility="public" complexity="3" crap="12" count="0"/>
        <line num="32" type="stmt" count="0"/>
        <line num="33" type="stmt" count="0"/>
        <line num="34" type="stmt" count="0"/>
        <line num="38" type="stmt" count="0"/>
        <line num="40" type="stmt" count="0"/>
        <line num="42" type="stmt" count="0"/>
        <line num="44" type="stmt" count="0"/>
        <line num="46" type="stmt" count="0"/>
        <line num="47" type="stmt" count="0"/>
        <line num="48" type="stmt" count="0"/>
        <line num="49" type="stmt" count="0"/>
        <line num="54" type="method" name="text" visibility="public" complexity="3" crap="12" count="0"/>
        <line num="57" type="stmt" count="0"/>
        <line num="58" type="stmt" count="0"/>
        <line num="59" type="stmt" count="0"/>
        <line num="62" type="stmt" count="0"/>
        <line num="63" type="stmt" count="0"/>
        <line num="64" type="stmt" count="0"/>
        <line num="65" type="stmt" count="0"/>
        <line num="66" type="stmt" count="0"/>
        <line num="67" type="stmt" count="0"/>
        <line num="68" type="stmt" count="0"/>
        <line num="69" type="stmt" count="0"/>
        <line num="73" type="method" name="recognizeCelebrities" visibility="public" complexity="3" crap="12" count="0"/>
        <line num="76" type="stmt" count="0"/>
        <line num="77" type="stmt" count="0"/>
        <line num="78" type="stmt" count="0"/>
        <line num="81" type="stmt" count="0"/>
        <line num="82" type="stmt" count="0"/>
        <line num="83" type="stmt" count="0"/>
        <line num="84" type="stmt" count="0"/>
        <line num="85" type="stmt" count="0"/>
        <line num="86" type="stmt" count="0"/>
        <line num="89" type="stmt" count="0"/>
        <line num="90" type="stmt" count="0"/>
        <line num="94" type="method" name="deleteFile" visibility="protected" complexity="1" crap="2" count="0"/>
        <line num="96" type="stmt" count="0"/>
        <line num="97" type="stmt" count="0"/>
        <line num="99" type="stmt" count="0"/>
        <line num="101" type="method" name="saveFile" visibility="protected" complexity="1" crap="2" count="0"/>
        <line num="103" type="stmt" count="0"/>
        <line num="105" type="stmt" count="0"/>
        <line num="106" type="stmt" count="0"/>
        <line num="107" type="stmt" count="0"/>
        <line num="110" type="stmt" count="0"/>
        <metrics loc="111" ncloc="104" classes="1" methods="7" coveredmethods="0" conditionals="0" coveredconditionals="0" statements="44" coveredstatements="0" elements="51" coveredelements="0"/>
      </file>
      <file name="/Users/alfrednutile/Code/blog/app/Http/Controllers/SearchController.php">
        <class name="SearchController" namespace="App\Http\Controllers">
          <metrics complexity="1" methods="1" coveredmethods="0" conditionals="0" coveredconditionals="0" statements="3" coveredstatements="0" elements="4" coveredelements="0"/>
        </class>
        <line num="16" type="method" name="search" visibility="public" complexity="1" crap="2" count="0"/>
        <line num="18" type="stmt" count="0"/>
        <line num="20" type="stmt" count="0"/>
        <line num="22" type="stmt" count="0"/>
        <metrics loc="24" ncloc="18" classes="1" methods="1" coveredmethods="0" conditionals="0" coveredconditionals="0" statements="3" coveredstatements="0" elements="4" coveredelements="0"/>
      </file>
      <file name="/Users/alfrednutile/Code/blog/app/Http/Controllers/StaticController.php">
        <class name="StaticController" namespace="App\Http\Controllers">
          <metrics complexity="4" methods="4" coveredmethods="0" conditionals="0" coveredconditionals="0" statements="5" coveredstatements="0" elements="9" coveredelements="0"/>
        </class>
        <line num="11" type="method" name="showHome" visibility="public" complexity="1" crap="2" count="0"/>
        <line num="14" type="stmt" count="0"/>
        <line num="17" type="stmt" count="0"/>
        <line num="20" type="method" name="showProducts" visibility="public" complexity="1" crap="2" count="0"/>
        <line num="22" type="stmt" count="0"/>
        <line num="25" type="method" name="showAbout" visibility="public" complexity="1" crap="2" count="0"/>
        <line num="27" type="stmt" count="0"/>
        <line num="30" type="method" name="showTalks" visibility="public" complexity="1" crap="2" count="0"/>
        <line num="32" type="stmt" count="0"/>
        <metrics loc="34" ncloc="34" classes="1" methods="4" coveredmethods="0" conditionals="0" coveredconditionals="0" statements="5" coveredstatements="0" elements="9" coveredelements="0"/>
      </file>
      <file name="/Users/alfrednutile/Code/blog/app/Http/Controllers/TagsController.php">
        <class name="TagsController" namespace="App\Http\Controllers">
          <metrics complexity="9" methods="4" coveredmethods="3" conditionals="0" coveredconditionals="0" statements="19" coveredstatements="17" elements="23" coveredelements="20"/>
        </class>
        <line num="14" type="method" name="show" visibility="public" complexity="2" crap="2" count="1"/>
        <line num="17" type="stmt" count="1"/>
        <line num="19" type="stmt" count="1"/>
        <line num="21" type="stmt" count="1"/>
        <line num="23" type="stmt" count="1"/>
        <line num="25" type="stmt" count="1"/>
        <line num="27" type="stmt" count="1"/>
        <line num="29" type="stmt" count="1"/>
        <line num="30" type="stmt" count="1"/>
        <line num="31" type="stmt" count="1"/>
        <line num="41" type="method" name="iterateOverPosts" visibility="public" complexity="2" crap="2" count="1"/>
        <line num="43" type="stmt" count="1"/>
        <line num="44" type="stmt" count="1"/>
        <line num="46" type="stmt" count="1"/>
        <line num="55" type="method" name="iterateOverProjects" visibility="public" complexity="3" crap="4.12" count="1"/>
        <line num="57" type="stmt" count="1"/>
        <line num="58" type="stmt" count="0"/>
        <line num="59" type="stmt" count="0"/>
        <line num="62" type="stmt" count="1"/>
        <line num="71" type="method" name="iterateOverTags" visibility="public" complexity="2" crap="2" count="1"/>
        <line num="73" type="stmt" count="1"/>
        <line num="74" type="stmt" count="1"/>
        <line num="76" type="stmt" count="1"/>
        <metrics loc="78" ncloc="60" classes="1" methods="4" coveredmethods="3" conditionals="0" coveredconditionals="0" statements="19" coveredstatements="17" elements="23" coveredelements="20"/>
      </file>
    </package>
    <package name="App\Http\Controllers\Auth">
      <file name="/Users/alfrednutile/Code/blog/app/Http/Controllers/Auth/AuthController.php">
        <class name="AuthController" namespace="App\Http\Controllers\Auth">
          <metrics complexity="5" methods="0" coveredmethods="0" conditionals="0" coveredconditionals="0" statements="0" coveredstatements="0" elements="0" coveredelements="0"/>
        </class>
        <metrics loc="96" ncloc="55" classes="0" methods="0" coveredmethods="0" conditionals="0" coveredconditionals="0" statements="0" coveredstatements="0" elements="0" coveredelements="0"/>
      </file>
      <file name="/Users/alfrednutile/Code/blog/app/Http/Controllers/Auth/ForgotPasswordController.php">
        <class name="ForgotPasswordController" namespace="App\Http\Controllers\Auth">
          <metrics complexity="1" methods="0" coveredmethods="0" conditionals="0" coveredconditionals="0" statements="0" coveredstatements="0" elements="0" coveredelements="0"/>
        </class>
        <metrics loc="35" ncloc="17" classes="0" methods="0" coveredmethods="0" conditionals="0" coveredconditionals="0" statements="0" coveredstatements="0" elements="0" coveredelements="0"/>
      </file>
      <file name="/Users/alfrednutile/Code/blog/app/Http/Controllers/Auth/LoginController.php">
        <class name="LoginController" namespace="App\Http\Controllers\Auth">
          <metrics complexity="1" methods="1" coveredmethods="0" conditionals="0" coveredconditionals="0" statements="2" coveredstatements="0" elements="3" coveredelements="0"/>
        </class>
        <line num="35" type="method" name="__construct" visibility="public" complexity="1" crap="2" count="0"/>
        <line num="37" type="stmt" count="0"/>
        <line num="38" type="stmt" count="0"/>
        <metrics loc="39" ncloc="19" classes="1" methods="1" coveredmethods="0" conditionals="0" coveredconditionals="0" statements="2" coveredstatements="0" elements="3" coveredelements="0"/>
      </file>
      <file name="/Users/alfrednutile/Code/blog/app/Http/Controllers/Auth/PasswordController.php">
        <class name="PasswordController" namespace="App\Http\Controllers\Auth">
          <metrics complexity="8" methods="0" coveredmethods="0" conditionals="0" coveredconditionals="0" statements="0" coveredstatements="0" elements="0" coveredelements="0"/>
        </class>
        <metrics loc="83" ncloc="59" classes="0" methods="0" coveredmethods="0" conditionals="0" coveredconditionals="0" statements="0" coveredstatements="0" elements="0" coveredelements="0"/>
      </file>
      <file name="/Users/alfrednutile/Code/blog/app/Http/Controllers/Auth/RegisterController.php">
        <class name="RegisterController" namespace="App\Http\Controllers\Auth">
          <metrics complexity="3" methods="0" coveredmethods="0" conditionals="0" coveredconditionals="0" statements="0" coveredstatements="0" elements="0" coveredelements="0"/>
        </class>
        <metrics loc="74" ncloc="39" classes="0" methods="0" coveredmethods="0" conditionals="0" coveredconditionals="0" statements="0" coveredstatements="0" elements="0" coveredelements="0"/>
      </file>
      <file name="/Users/alfrednutile/Code/blog/app/Http/Controllers/Auth/ResetPasswordController.php">
        <class name="ResetPasswordController" namespace="App\Http\Controllers\Auth">
          <metrics complexity="1" methods="0" coveredmethods="0" conditionals="0" coveredconditionals="0" statements="0" coveredstatements="0" elements="0" coveredelements="0"/>
        </class>
        <metrics loc="35" ncloc="17" classes="0" methods="0" coveredmethods="0" conditionals="0" coveredconditionals="0" statements="0" coveredstatements="0" elements="0" coveredelements="0"/>
      </file>
    </package>
    <package name="App\Http">
      <file name="/Users/alfrednutile/Code/blog/app/Http/Kernel.php">
        <class name="Kernel" namespace="App\Http">
          <metrics complexity="0" methods="0" coveredmethods="0" conditionals="0" coveredconditionals="0" statements="0" coveredstatements="0" elements="0" coveredelements="0"/>
        </class>
        <metrics loc="62" ncloc="41" classes="0" methods="0" coveredmethods="0" conditionals="0" coveredconditionals="0" statements="0" coveredstatements="0" elements="0" coveredelements="0"/>
      </file>
    </package>
    <package name="App\Http\Middleware">
      <file name="/Users/alfrednutile/Code/blog/app/Http/Middleware/EncryptCookies.php">
        <class name="EncryptCookies" namespace="App\Http\Middleware">
          <metrics complexity="0" methods="0" coveredmethods="0" conditionals="0" coveredconditionals="0" statements="0" coveredstatements="0" elements="0" coveredelements="0"/>
        </class>
        <metrics loc="17" ncloc="10" classes="0" methods="0" coveredmethods="0" conditionals="0" coveredconditionals="0" statements="0" coveredstatements="0" elements="0" coveredelements="0"/>
      </file>
      <file name="/Users/alfrednutile/Code/blog/app/Http/Middleware/RedirectIfAuthenticated.php">
        <class name="RedirectIfAuthenticated" namespace="App\Http\Middleware">
          <metrics complexity="2" methods="1" coveredmethods="0" conditionals="0" coveredconditionals="0" statements="3" coveredstatements="0" elements="4" coveredelements="0"/>
        </class>
        <line num="18" type="method" name="handle" visibility="public" complexity="2" crap="6" count="0"/>
        <line num="20" type="stmt" count="0"/>
        <line num="21" type="stmt" count="0"/>
        <line num="24" type="stmt" count="0"/>
        <metrics loc="26" ncloc="18" classes="1" methods="1" coveredmethods="0" conditionals="0" coveredconditionals="0" statements="3" coveredstatements="0" elements="4" coveredelements="0"/>
      </file>
      <file name="/Users/alfrednutile/Code/blog/app/Http/Middleware/TrimStrings.php">
        <class name="TrimStrings" namespace="App\Http\Middleware">
          <metrics complexity="0" methods="0" coveredmethods="0" conditionals="0" coveredconditionals="0" statements="0" coveredstatements="0" elements="0" coveredelements="0"/>
        </class>
        <metrics loc="18" ncloc="13" classes="0" methods="0" coveredmethods="0" conditionals="0" coveredconditionals="0" statements="0" coveredstatements="0" elements="0" coveredelements="0"/>
      </file>
      <file name="/Users/alfrednutile/Code/blog/app/Http/Middleware/VerifyCsrfToken.php">
        <class name="VerifyCsrfToken" namespace="App\Http\Middleware">
          <metrics complexity="6" methods="0" coveredmethods="0" conditionals="0" coveredconditionals="0" statements="0" coveredstatements="0" elements="0" coveredelements="0"/>
        </class>
        <metrics loc="47" ncloc="26" classes="0" methods="0" coveredmethods="0" conditionals="0" coveredconditionals="0" statements="0" coveredstatements="0" elements="0" coveredelements="0"/>
      </file>
    </package>
    <package name="App\Jobs\Search">
      <file name="/Users/alfrednutile/Code/blog/app/Jobs/Search/IndexPostJob.php">
        <class name="IndexPostJob" namespace="App\Jobs\Search">
          <metrics complexity="3" methods="3" coveredmethods="1" conditionals="0" coveredconditionals="0" statements="13" coveredstatements="2" elements="16" coveredelements="3"/>
        </class>
        <line num="19" type="method" name="__construct" visibility="public" complexity="1" crap="1" count="1"/>
        <line num="21" type="stmt" count="1"/>
        <line num="22" type="stmt" count="1"/>
        <line num="31" type="method" name="handle" visibility="public" complexity="1" crap="2" count="0"/>
        <line num="34" type="stmt" count="0"/>
        <line num="36" type="stmt" count="0"/>
        <line num="38" type="stmt" count="0"/>
        <line num="41" type="stmt" count="0"/>
        <line num="50" type="method" name="formatIndexedMessage" visibility="private" complexity="1" crap="2" count="0"/>
        <line num="52" type="stmt" count="0"/>
        <line num="53" type="stmt" count="0"/>
        <line num="54" type="stmt" count="0"/>
        <line num="55" type="stmt" count="0"/>
        <line num="56" type="stmt" count="0"/>
        <line num="57" type="stmt" count="0"/>
        <line num="58" type="stmt" count="0"/>
        <metrics loc="61" ncloc="42" classes="1" methods="3" coveredmethods="1" conditionals="0" coveredconditionals="0" statements="13" coveredstatements="2" elements="16" coveredelements="3"/>
      </file>
      <file name="/Users/alfrednutile/Code/blog/app/Jobs/Search/IndexProjectJob.php">
        <class name="IndexProjectJob" namespace="App\Jobs\Search">
          <metrics complexity="3" methods="3" coveredmethods="0" conditionals="0" coveredconditionals="0" statements="13" coveredstatements="0" elements="16" coveredelements="0"/>
        </class>
        <line num="21" type="method" name="__construct" visibility="public" complexity="1" crap="2" count="0"/>
        <line num="23" type="stmt" count="0"/>
        <line num="24" type="stmt" count="0"/>
        <line num="33" type="method" name="handle" visibility="public" complexity="1" crap="2" count="0"/>
        <line num="36" type="stmt" count="0"/>
        <line num="38" type="stmt" count="0"/>
        <line num="40" type="stmt" count="0"/>
        <line num="43" type="stmt" count="0"/>
        <line num="52" type="method" name="formatIndexedMessage" visibility="private" complexity="1" crap="2" count="0"/>
        <line num="54" type="stmt" count="0"/>
        <line num="55" type="stmt" count="0"/>
        <line num="56" type="stmt" count="0"/>
        <line num="57" type="stmt" count="0"/>
        <line num="58" type="stmt" count="0"/>
        <line num="59" type="stmt" count="0"/>
        <line num="60" type="stmt" count="0"/>
        <metrics loc="63" ncloc="44" classes="1" methods="3" coveredmethods="0" conditionals="0" coveredconditionals="0" statements="13" coveredstatements="0" elements="16" coveredelements="0"/>
      </file>
      <file name="/Users/alfrednutile/Code/blog/app/Jobs/Search/SearchJobBase.php">
        <class name="SearchJobBase" namespace="App\Jobs\Search">
          <metrics complexity="1" methods="1" coveredmethods="0" conditionals="0" coveredconditionals="0" statements="3" coveredstatements="0" elements="4" coveredelements="0"/>
        </class>
        <line num="23" type="method" name="generateBaseParameters" visibility="protected" complexity="1" crap="2" count="0"/>
        <line num="26" type="stmt" count="0"/>
        <line num="27" type="stmt" count="0"/>
        <line num="28" type="stmt" count="0"/>
        <metrics loc="31" ncloc="25" classes="1" methods="1" coveredmethods="0" conditionals="0" coveredconditionals="0" statements="3" coveredstatements="0" elements="4" coveredelements="0"/>
      </file>
    </package>
    <package name="App\Providers">
      <file name="/Users/alfrednutile/Code/blog/app/Providers/AppServiceProvider.php">
        <class name="AppServiceProvider" namespace="App\Providers">
          <metrics complexity="11" methods="9" coveredmethods="5" conditionals="0" coveredconditionals="0" statements="31" coveredstatements="22" elements="40" coveredelements="27"/>
        </class>
        <line num="31" type="method" name="boot" visibility="public" complexity="1" crap="1" count="17"/>
        <line num="33" type="stmt" count="17"/>
        <line num="35" type="method" name="anonymousFunction:35#208" complexity="1" crap="1.63" count="17"/>
        <line num="36" type="stmt" count="0"/>
        <line num="38" type="stmt" count="0"/>
        <line num="39" type="stmt" count="0"/>
        <line num="41" type="stmt" count="0"/>
        <line num="42" type="stmt" count="0"/>
        <line num="45" type="stmt" count="0"/>
        <line num="46" type="stmt" count="17"/>
        <line num="48" type="stmt" count="17"/>
        <line num="49" type="stmt" count="17"/>
        <line num="54" type="method" name="anonymousFunction:54#312" complexity="1" crap="1" count="17"/>
        <line num="55" type="stmt" count="5"/>
        <line num="58" type="stmt" count="5"/>
        <line num="60" type="stmt" count="5"/>
        <line num="61" type="stmt" count="17"/>
        <line num="63" type="method" name="anonymousFunction:63#364" complexity="1" crap="1" count="17"/>
        <line num="73" type="stmt" count="5"/>
        <line num="88" type="stmt" count="5"/>
        <line num="90" type="stmt" count="5"/>
        <line num="94" type="stmt" count="5"/>
        <line num="96" type="stmt" count="5"/>
        <line num="97" type="stmt" count="5"/>
        <line num="99" type="stmt" count="5"/>
        <line num="100" type="stmt" count="17"/>
        <line num="102" type="method" name="anonymousFunction:102#506" complexity="1" crap="1.12" count="17"/>
        <line num="103" type="stmt" count="0"/>
        <line num="104" type="stmt" count="17"/>
        <line num="106" type="method" name="anonymousFunction:106#542" complexity="1" crap="1.12" count="17"/>
        <line num="107" type="stmt" count="0"/>
        <line num="108" type="stmt" count="17"/>
        <line num="111" type="method" name="anonymousFunction:111#583" complexity="1" crap="1" count="17"/>
        <line num="112" type="stmt" count="2"/>
        <line num="113" type="stmt" count="17"/>
        <line num="115" type="method" name="anonymousFunction:115#621" complexity="1" crap="1.12" count="17"/>
        <line num="116" type="stmt" count="0"/>
        <line num="117" type="stmt" count="17"/>
        <line num="118" type="stmt" count="17"/>
        <line num="125" type="method" name="register" visibility="public" complexity="2" crap="2" count="17"/>
        <line num="127" type="stmt" count="17"/>
        <line num="128" type="stmt" count="17"/>
        <line num="130" type="stmt" count="17"/>
        <metrics loc="131" ncloc="82" classes="1" methods="9" coveredmethods="5" conditionals="0" coveredconditionals="0" statements="34" coveredstatements="25" elements="43" coveredelements="30"/>
      </file>
      <file name="/Users/alfrednutile/Code/blog/app/Providers/AuthServiceProvider.php">
        <class name="AuthServiceProvider" namespace="App\Providers">
          <metrics complexity="1" methods="1" coveredmethods="1" conditionals="0" coveredconditionals="0" statements="2" coveredstatements="2" elements="3" coveredelements="3"/>
        </class>
        <line num="24" type="method" name="boot" visibility="public" complexity="1" crap="1" count="17"/>
        <line num="26" type="stmt" count="17"/>
        <line num="29" type="stmt" count="17"/>
        <metrics loc="30" ncloc="18" classes="1" methods="1" coveredmethods="1" conditionals="0" coveredconditionals="0" statements="2" coveredstatements="2" elements="3" coveredelements="3"/>
      </file>
      <file name="/Users/alfrednutile/Code/blog/app/Providers/BroadcastServiceProvider.php">
        <class name="BroadcastServiceProvider" namespace="App\Providers">
          <metrics complexity="1" methods="1" coveredmethods="0" conditionals="0" coveredconditionals="0" statements="3" coveredstatements="0" elements="4" coveredelements="0"/>
        </class>
        <line num="15" type="method" name="boot" visibility="public" complexity="1" crap="2" count="0"/>
        <line num="17" type="stmt" count="0"/>
        <line num="19" type="stmt" count="0"/>
        <line num="20" type="stmt" count="0"/>
        <metrics loc="21" ncloc="16" classes="1" methods="1" coveredmethods="0" conditionals="0" coveredconditionals="0" statements="3" coveredstatements="0" elements="4" coveredelements="0"/>
      </file>
      <file name="/Users/alfrednutile/Code/blog/app/Providers/EventServiceProvider.php">
        <class name="EventServiceProvider" namespace="App\Providers">
          <metrics complexity="1" methods="1" coveredmethods="1" conditionals="0" coveredconditionals="0" statements="2" coveredstatements="2" elements="3" coveredelements="3"/>
        </class>
        <line num="24" type="method" name="boot" visibility="public" complexity="1" crap="1" count="17"/>
        <line num="26" type="stmt" count="17"/>
        <line num="29" type="stmt" count="17"/>
        <metrics loc="30" ncloc="16" classes="1" methods="1" coveredmethods="1" conditionals="0" coveredconditionals="0" statements="2" coveredstatements="2" elements="3" coveredelements="3"/>
      </file>
      <file name="/Users/alfrednutile/Code/blog/app/Providers/RouteServiceProvider.php">
        <class name="RouteServiceProvider" namespace="App\Providers">
          <metrics complexity="4" methods="4" coveredmethods="4" conditionals="0" coveredconditionals="0" statements="14" coveredstatements="14" elements="18" coveredelements="18"/>
        </class>
        <line num="24" type="method" name="boot" visibility="public" complexity="1" crap="1" count="17"/>
        <line num="28" type="stmt" count="17"/>
        <line num="29" type="stmt" count="17"/>
        <line num="36" type="method" name="map" visibility="public" complexity="1" crap="1" count="17"/>
        <line num="38" type="stmt" count="17"/>
        <line num="40" type="stmt" count="17"/>
        <line num="43" type="stmt" count="17"/>
        <line num="52" type="method" name="mapWebRoutes" visibility="protected" complexity="1" crap="1" count="17"/>
        <line num="54" type="stmt" count="17"/>
        <line num="55" type="stmt" count="17"/>
        <line num="56" type="stmt" count="17"/>
        <line num="57" type="stmt" count="17"/>
        <line num="66" type="method" name="mapApiRoutes" visibility="protected" complexity="1" crap="1" count="17"/>
        <line num="68" type="stmt" count="17"/>
        <line num="69" type="stmt" count="17"/>
        <line num="70" type="stmt" count="17"/>
        <line num="71" type="stmt" count="17"/>
        <line num="72" type="stmt" count="17"/>
        <metrics loc="73" ncloc="38" classes="1" methods="4" coveredmethods="4" conditionals="0" coveredconditionals="0" statements="14" coveredstatements="14" elements="18" coveredelements="18"/>
      </file>
      <file name="/Users/alfrednutile/Code/blog/app/Providers/SearchServiceProvider.php">
        <class name="SearchServiceProvider" namespace="App\Providers">
[...]
        <class name="DateFragment" namespace="App\Search\Fragments">
          <metrics complexity="0" methods="0" coveredmethods="0" conditionals="0" coveredconditionals="0" statements="0" coveredstatements="0" elements="0" coveredelements="0"/>
        </class>
        <metrics loc="13" ncloc="10" classes="0" methods="0" coveredmethods="0" conditionals="0" coveredconditionals="0" statements="0" coveredstatements="0" elements="0" coveredelements="0"/>
      </file>
      <file name="/Users/alfrednutile/Code/blog/app/Search/Fragments/DateRangeFragment.php">
        <class name="DateRangeFragment" namespace="App\Search\Fragments">
          <metrics complexity="1" methods="1" coveredmethods="0" conditionals="0" coveredconditionals="0" statements="5" coveredstatements="0" elements="6" coveredelements="0"/>
        </class>
        <line num="18" type="method" name="__construct" visibility="public" complexity="1" crap="2" count="0"/>
        <line num="23" type="stmt" count="0"/>
        <line num="24" type="stmt" count="0"/>
        <line num="25" type="stmt" count="0"/>
        <line num="30" type="stmt" count="0"/>
        <line num="31" type="stmt" count="0"/>
        <metrics loc="32" ncloc="24" classes="1" methods="1" coveredmethods="0" conditionals="0" coveredconditionals="0" statements="5" coveredstatements="0" elements="6" coveredelements="0"/>
      </file>
      <file name="/Users/alfrednutile/Code/blog/app/Search/Fragments/FloatFragment.php">
        <class name="FloatFragment" namespace="App\Search\Fragments">
          <metrics complexity="0" methods="0" coveredmethods="0" conditionals="0" coveredconditionals="0" statements="0" coveredstatements="0" elements="0" coveredelements="0"/>
        </class>
        <metrics loc="14" ncloc="11" classes="0" methods="0" coveredmethods="0" conditionals="0" coveredconditionals="0" statements="0" coveredstatements="0" elements="0" coveredelements="0"/>
      </file>
      <file name="/Users/alfrednutile/Code/blog/app/Search/Fragments/IntegerFragment.php">
        <class name="IntegerFragment" namespace="App\Search\Fragments">
          <metrics complexity="0" methods="0" coveredmethods="0" conditionals="0" coveredconditionals="0" statements="0" coveredstatements="0" elements="0" coveredelements="0"/>
        </class>
        <metrics loc="14" ncloc="11" classes="0" methods="0" coveredmethods="0" conditionals="0" coveredconditionals="0" statements="0" coveredstatements="0" elements="0" coveredelements="0"/>
      </file>
      <file name="/Users/alfrednutile/Code/blog/app/Search/Fragments/KeywordFragment.php">
        <class name="KeywordFragment" namespace="App\Search\Fragments">
          <metrics complexity="0" methods="0" coveredmethods="0" conditionals="0" coveredconditionals="0" statements="0" coveredstatements="0" elements="0" coveredelements="0"/>
        </class>
        <metrics loc="14" ncloc="11" classes="0" methods="0" coveredmethods="0" conditionals="0" coveredconditionals="0" statements="0" coveredstatements="0" elements="0" coveredelements="0"/>
      </file>
      <file name="/Users/alfrednutile/Code/blog/app/Search/Fragments/MultiMatchContentFragment.php">
        <class name="MultiMatchContentFragment" namespace="App\Search\Fragments">
          <metrics complexity="2" methods="1" coveredmethods="0" conditionals="0" coveredconditionals="0" statements="7" coveredstatements="0" elements="8" coveredelements="0"/>
        </class>
        <line num="21" type="method" name="__construct" visibility="public" complexity="2" crap="6" count="0"/>
        <line num="25" type="stmt" count="0"/>
        <line num="26" type="stmt" count="0"/>
        <line num="27" type="stmt" count="0"/>
        <line num="31" type="stmt" count="0"/>
        <line num="32" type="stmt" count="0"/>
        <line num="35" type="stmt" count="0"/>
        <line num="36" type="stmt" count="0"/>
        <metrics loc="37" ncloc="25" classes="1" methods="1" coveredmethods="0" conditionals="0" coveredconditionals="0" statements="7" coveredstatements="0" elements="8" coveredelements="0"/>
      </file>
      <file name="/Users/alfrednutile/Code/blog/app/Search/Fragments/PorterStemAnalyzerFragment.php">
        <class name="PorterStemAnalyzerFragment" namespace="App\Search\Fragments">
          <metrics complexity="0" methods="0" coveredmethods="0" conditionals="0" coveredconditionals="0" statements="0" coveredstatements="0" elements="0" coveredelements="0"/>
        </class>
        <metrics loc="11" ncloc="11" classes="0" methods="0" coveredmethods="0" conditionals="0" coveredconditionals="0" statements="0" coveredstatements="0" elements="0" coveredelements="0"/>
      </file>
      <file name="/Users/alfrednutile/Code/blog/app/Search/Fragments/SortFragment.php">
        <class name="SortFragment" namespace="App\Search\Fragments" fullPackage="App" package="App">
          <metrics complexity="1" methods="1" coveredmethods="0" conditionals="0" coveredconditionals="0" statements="3" coveredstatements="0" elements="4" coveredelements="0"/>
        </class>
        <line num="20" type="method" name="__construct" visibility="public" complexity="1" crap="2" count="0"/>
        <line num="25" type="stmt" count="0"/>
        <line num="29" type="stmt" count="0"/>
        <line num="30" type="stmt" count="0"/>
        <metrics loc="31" ncloc="19" classes="1" methods="1" coveredmethods="0" conditionals="0" coveredconditionals="0" statements="3" coveredstatements="0" elements="4" coveredelements="0"/>
      </file>
      <file name="/Users/alfrednutile/Code/blog/app/Search/Fragments/StemAnalyzedTextFragment.php">
        <class name="StemAnalyzedTextFragment" namespace="App\Search\Fragments">
          <metrics complexity="0" methods="0" coveredmethods="0" conditionals="0" coveredconditionals="0" statements="0" coveredstatements="0" elements="0" coveredelements="0"/>
        </class>
        <metrics loc="15" ncloc="12" classes="0" methods="0" coveredmethods="0" conditionals="0" coveredconditionals="0" statements="0" coveredstatements="0" elements="0" coveredelements="0"/>
      </file>
      <file name="/Users/alfrednutile/Code/blog/app/Search/Fragments/TermFragment.php">
        <class name="TermFragment" namespace="App\Search\Fragments">
          <metrics complexity="1" methods="1" coveredmethods="0" conditionals="0" coveredconditionals="0" statements="3" coveredstatements="0" elements="4" coveredelements="0"/>
        </class>
        <line num="15" type="method" name="__construct" visibility="public" complexity="1" crap="2" count="0"/>
        <line num="19" type="stmt" count="0"/>
        <line num="23" type="stmt" count="0"/>
        <line num="24" type="stmt" count="0"/>
        <metrics loc="25" ncloc="19" classes="1" methods="1" coveredmethods="0" conditionals="0" coveredconditionals="0" statements="3" coveredstatements="0" elements="4" coveredelements="0"/>
      </file>
      <file name="/Users/alfrednutile/Code/blog/app/Search/Fragments/TermsFragment.php">
        <class name="TermsFragment" namespace="App\Search\Fragments">
          <metrics complexity="1" methods="1" coveredmethods="0" conditionals="0" coveredconditionals="0" statements="3" coveredstatements="0" elements="4" coveredelements="0"/>
        </class>
        <line num="15" type="method" name="__construct" visibility="public" complexity="1" crap="2" count="0"/>
        <line num="19" type="stmt" count="0"/>
        <line num="23" type="stmt" count="0"/>
        <line num="24" type="stmt" count="0"/>
        <metrics loc="25" ncloc="19" classes="1" methods="1" coveredmethods="0" conditionals="0" coveredconditionals="0" statements="3" coveredstatements="0" elements="4" coveredelements="0"/>
      </file>
      <file name="/Users/alfrednutile/Code/blog/app/Search/Fragments/TextAndKeywordMappingFragment.php">
        <class name="TextAndKeywordMappingFragment" namespace="App\Search\Fragments">
          <metrics complexity="0" methods="0" coveredmethods="0" conditionals="0" coveredconditionals="0" statements="0" coveredstatements="0" elements="0" coveredelements="0"/>
        </class>
        <metrics loc="16" ncloc="13" classes="0" methods="0" coveredmethods="0" conditionals="0" coveredconditionals="0" statements="0" coveredstatements="0" elements="0" coveredelements="0"/>
      </file>
    </package>
    <package name="App\Search\Indexes">
      <file name="/Users/alfrednutile/Code/blog/app/Search/Indexes/DefaultIndex.php">
        <class name="DefaultIndex" namespace="App\Search\Indexes">
          <metrics complexity="3" methods="3" coveredmethods="3" conditionals="0" coveredconditionals="0" statements="12" coveredstatements="12" elements="15" coveredelements="15"/>
        </class>
        <line num="23" type="method" name="getName" visibility="public" complexity="1" crap="1" count="5"/>
        <line num="25" type="stmt" count="5"/>
        <line num="34" type="method" name="getInternalName" visibility="public" complexity="1" crap="1" count="1"/>
        <line num="36" type="stmt" count="1"/>
        <line num="42" type="method" name="setup" visibility="public" complexity="1" crap="1" count="5"/>
        <line num="47" type="stmt" count="5"/>
        <line num="52" type="stmt" count="5"/>
        <line num="59" type="stmt" count="5"/>
        <line num="60" type="stmt" count="5"/>
        <line num="61" type="stmt" count="5"/>
        <line num="62" type="stmt" count="5"/>
        <line num="63" type="stmt" count="5"/>
        <line num="64" type="stmt" count="5"/>
        <line num="69" type="stmt" count="5"/>
        <line num="70" type="stmt" count="5"/>
        <metrics loc="71" ncloc="52" classes="1" methods="3" coveredmethods="3" conditionals="0" coveredconditionals="0" statements="12" coveredstatements="12" elements="15" coveredelements="15"/>
      </file>
    </package>
    <file name="/Users/alfrednutile/Code/blog/app/Search/PostNormalizerInterface.php">
      <metrics loc="16" ncloc="11" classes="0" methods="0" coveredmethods="0" conditionals="0" coveredconditionals="0" statements="0" coveredstatements="0" elements="0" coveredelements="0"/>
    </file>
    <file name="/Users/alfrednutile/Code/blog/app/Search/ProjectNormalizerInterface.php">
      <metrics loc="16" ncloc="11" classes="0" methods="0" coveredmethods="0" conditionals="0" coveredconditionals="0" statements="0" coveredstatements="0" elements="0" coveredelements="0"/>
    </file>
    <package name="App\Search\Query">
      <file name="/Users/alfrednutile/Code/blog/app/Search/Query/BaseQuery.php">
        <class name="BaseQuery" namespace="App\Search\Query">
          <metrics complexity="5" methods="4" coveredmethods="3" conditionals="0" coveredconditionals="0" statements="7" coveredstatements="6" elements="11" coveredelements="9"/>
        </class>
        <line num="12" type="method" name="getQuery" visibility="public" complexity="1" crap="2" count="0"/>
        <line num="14" type="stmt" count="0"/>
        <line num="17" type="method" name="getNextFrom" visibility="public" complexity="2" crap="2" count="1"/>
        <line num="19" type="stmt" count="1"/>
        <line num="20" type="stmt" count="1"/>
        <line num="23" type="stmt" count="1"/>
        <line num="26" type="method" name="getPageFromRequest" visibility="public" complexity="1" crap="1" count="1"/>
        <line num="28" type="stmt" count="1"/>
        <line num="31" type="method" name="setRequest" visibility="public" complexity="1" crap="1" count="1"/>
        <line num="33" type="stmt" count="1"/>
        <line num="34" type="stmt" count="1"/>
        <metrics loc="36" ncloc="36" classes="1" methods="4" coveredmethods="3" conditionals="0" coveredconditionals="0" statements="7" coveredstatements="6" elements="11" coveredelements="9"/>
      </file>
      <file name="/Users/alfrednutile/Code/blog/app/Search/Query/ContentQuery.php">
        <class name="ContentQuery" namespace="App\Search\Query">
          <metrics complexity="1" methods="1" coveredmethods="1" conditionals="0" coveredconditionals="0" statements="11" coveredstatements="11" elements="12" coveredelements="12"/>
        </class>
        <line num="10" type="method" name="setup" visibility="public" complexity="1" crap="1" count="1"/>
        <line num="12" type="stmt" count="1"/>
        <line num="15" type="stmt" count="1"/>
        <line num="16" type="stmt" count="1"/>
        <line num="20" type="stmt" count="1"/>
        <line num="21" type="stmt" count="1"/>
        <line num="27" type="stmt" count="1"/>
        <line num="29" type="stmt" count="1"/>
        <line num="30" type="stmt" count="1"/>
        <line num="31" type="stmt" count="1"/>
        <line num="32" type="stmt" count="1"/>
        <line num="35" type="stmt" count="1"/>
        <metrics loc="37" ncloc="37" classes="1" methods="1" coveredmethods="1" conditionals="0" coveredconditionals="0" statements="11" coveredstatements="11" elements="12" coveredelements="12"/>
      </file>
    </package>
    <package name="App\Search\Results">
      <file name="/Users/alfrednutile/Code/blog/app/Search/Results/BaseResultParser.php">
        <class name="BaseResultParser" namespace="App\Search\Results">
          <metrics complexity="7" methods="6" coveredmethods="6" conditionals="0" coveredconditionals="0" statements="19" coveredstatements="19" elements="25" coveredelements="25"/>
        </class>
        <line num="12" type="method" name="setPerPage" visibility="public" complexity="1" crap="1" count="1"/>
        <line num="14" type="stmt" count="1"/>
        <line num="15" type="stmt" count="1"/>
        <line num="18" type="method" name="setCurrentPage" visibility="public" complexity="1" crap="1" count="1"/>
        <line num="20" type="stmt" count="1"/>
        <line num="21" type="stmt" count="1"/>
        <line num="24" type="method" name="getPaginated" visibility="public" complexity="1" crap="1" count="2"/>
        <line num="27" type="stmt" count="2"/>
        <line num="28" type="stmt" count="2"/>
        <line num="29" type="stmt" count="2"/>
        <line num="30" type="stmt" count="2"/>
        <line num="31" type="stmt" count="2"/>
        <line num="32" type="stmt" count="2"/>
        <line num="33" type="stmt" count="2"/>
        <line num="34" type="method" name="anonymousFunction:34#222" complexity="1" crap="1" count="2"/>
        <line num="35" type="stmt" count="1"/>
        <line num="36" type="stmt" count="1"/>
        <line num="37" type="stmt" count="1"/>
        <line num="38" type="stmt" count="2"/>
        <line num="40" type="stmt" count="2"/>
        <line num="43" type="method" name="from" visibility="protected" complexity="2" crap="2" count="2"/>
        <line num="45" type="stmt" count="2"/>
        <line num="46" type="stmt" count="1"/>
        <line num="48" type="stmt" count="1"/>
        <line num="51" type="method" name="to" visibility="protected" complexity="1" crap="1" count="2"/>
        <line num="53" type="stmt" count="2"/>
        <metrics loc="55" ncloc="55" classes="1" methods="6" coveredmethods="6" conditionals="0" coveredconditionals="0" statements="20" coveredstatements="20" elements="26" coveredelements="26"/>
      </file>
      <file name="/Users/alfrednutile/Code/blog/app/Search/Results/ContentResultParser.php">
        <class name="ContentResultParser" namespace="App\Search\Results">
          <metrics complexity="1" methods="1" coveredmethods="0" conditionals="0" coveredconditionals="0" statements="1" coveredstatements="0" elements="2" coveredelements="0"/>
        </class>
        <line num="7" type="method" name="getResults" visibility="public" complexity="1" crap="2" count="0"/>
        <line num="9" type="stmt" count="0"/>
        <metrics loc="11" ncloc="11" classes="1" methods="1" coveredmethods="0" conditionals="0" coveredconditionals="0" statements="1" coveredstatements="0" elements="2" coveredelements="0"/>
      </file>
    </package>
    <file name="/Users/alfrednutile/Code/blog/app/Search/SearchIndexRepositoryInterface.php">
      <metrics loc="19" ncloc="12" classes="0" methods="0" coveredmethods="0" conditionals="0" coveredconditionals="0" statements="0" coveredstatements="0" elements="0" coveredelements="0"/>
    </file>
    <file name="/Users/alfrednutile/Code/blog/app/Search/SearchInterface.php">
      <metrics loc="14" ncloc="8" classes="0" methods="0" coveredmethods="0" conditionals="0" coveredconditionals="0" statements="0" coveredstatements="0" elements="0" coveredelements="0"/>
    </file>
    <file name="/Users/alfrednutile/Code/blog/app/Search/SortInterface.php">
      <metrics loc="28" ncloc="13" classes="0" methods="0" coveredmethods="0" conditionals="0" coveredconditionals="0" statements="0" coveredstatements="0" elements="0" coveredelements="0"/>
    </file>
    <package name="App\Services">
      <file name="/Users/alfrednutile/Code/blog/app/Services/ImageService.php">
        <class name="ImageService" namespace="App\Services" fullPackage="App" package="App">
          <metrics complexity="2" methods="0" coveredmethods="0" conditionals="0" coveredconditionals="0" statements="0" coveredstatements="0" elements="0" coveredelements="0"/>
        </class>
        <metrics loc="21" ncloc="15" classes="0" methods="0" coveredmethods="0" conditionals="0" coveredconditionals="0" statements="0" coveredstatements="0" elements="0" coveredelements="0"/>
      </file>
      <file name="/Users/alfrednutile/Code/blog/app/Services/SchedulerAls.php">
        <class name="SchedulerAls" namespace="App\Services">
          <metrics complexity="10" methods="4" coveredmethods="0" conditionals="0" coveredconditionals="0" statements="27" coveredstatements="0" elements="31" coveredelements="0"/>
        </class>
        <line num="8" type="method" name="fire" visibility="public" complexity="1" crap="2" count="0"/>
        <line num="10" type="stmt" count="0"/>
        <line num="11" type="stmt" count="0"/>
        <line num="12" type="stmt" count="0"/>
        <line num="13" type="stmt" count="0"/>
        <line num="15" type="method" name="processPost" visibility="protected" complexity="4" crap="20" count="0"/>
        <line num="17" type="stmt" count="0"/>
        <line num="18" type="stmt" count="0"/>
        <line num="19" type="stmt" count="0"/>
        <line num="20" type="stmt" count="0"/>
        <line num="21" type="stmt" count="0"/>
        <line num="22" type="stmt" count="0"/>
        <line num="23" type="stmt" count="0"/>
        <line num="24" type="stmt" count="0"/>
        <line num="25" type="stmt" count="0"/>
        <line num="26" type="stmt" count="0"/>
        <line num="27" type="stmt" count="0"/>
        <line num="29" type="stmt" count="0"/>
        <line num="32" type="stmt" count="0"/>
        <line num="35" type="stmt" count="0"/>
        <line num="37" type="stmt" count="0"/>
        <line num="39" type="method" name="setSchedule" visibility="public" complexity="3" crap="12" count="0"/>
        <line num="41" type="stmt" count="0"/>
        <line num="42" type="stmt" count="0"/>
        <line num="43" type="stmt" count="0"/>
        <line num="45" type="stmt" count="0"/>
        <line num="48" type="method" name="sendToQueue" visibility="public" complexity="2" crap="6" count="0"/>
        <line num="50" type="stmt" count="0"/>
        <line num="51" type="stmt" count="0"/>
        <line num="52" type="stmt" count="0"/>
        <line num="54" type="stmt" count="0"/>
        <metrics loc="55" ncloc="53" classes="1" methods="4" coveredmethods="0" conditionals="0" coveredconditionals="0" statements="27" coveredstatements="0" elements="31" coveredelements="0"/>
      </file>
    </package>
    <metrics files="102" loc="5036" ncloc="3731" classes="64" methods="208" coveredmethods="71" conditionals="0" coveredconditionals="0" statements="783" coveredstatements="319" elements="991" coveredelements="390"/>
  </project>
</coverage>
